GET /page 404 1939 - 277.550 ms
GET / 200 199 - 68.611 ms
GET /favicon.ico 404 1939 - 1.676 ms
GET / 304 - - 263.154 ms
GET /form 200 330 - 23.249 ms
GET / 200 199 - 281.789 ms
GET /favicon.ico 404 191 - 10.294 ms
GET /form 304 - - 15.226 ms
POST /form 500 1893 - 2.738 ms
POST /form 500 1893 - 3.586 ms
POST /form 500 1893 - 1.632 ms
POST /form 302 38 - 7.284 ms
GET /messages 200 135 - 261.591 ms
GET / 304 - - 16.349 ms
GET /form 200 330 - 14.182 ms
POST /form 302 38 - 5.632 ms
GET /messages 304 - - 12.301 ms
GET / 304 - - 242.968 ms
GET /messages 304 - - 30.125 ms
GET / 304 - - 13.934 ms
